<?xml version="1.0" encoding="UTF-8"?>
<!-- Generated by org.testng.reporters.JUnitReportReporter -->
<testsuite hostname="Nitins-MacBook-Pro.local" failures="0" tests="1" name="com.dsalgo.pages.TextEditor_BasicOps" time="40.337" errors="0" timestamp="2021-11-22T14:27:25 PST" skipped="0">
  <testcase classname="com.dsalgo.pages.TextEditor_BasicOps" name="f" time="40.337"/>
  <system-out>
    <![CDATA[Doing Validation for sending Array list code in text editor 
Run button is clicked
Run Button clicked 
Alert OK button is selected using the Accept method successsfully
Array in phython code is here
Doing Validation for AlfaNumeric value  in text editor 
Run button is clicked
Run Button clicked 
Inside the Alerts with Accept method
Alert OK button is selected using the Accept method successsfully
Doing Validation for Null  in text editor 
Run button is clicked
Run Button clicked 
no Alert OK button clicked as we are passing null value 
Doing Validation for Non-Python Code  in text editor 
Code is written in the editor form
Run button is clicked
Run Button clicked 
Alert OK button is selected using the Accept method successsfully]]>
  </system-out>
</testsuite> <!-- com.dsalgo.pages.TextEditor_BasicOps -->
