<?xml version="1.0" encoding="UTF-8"?>
<!-- Generated by org.testng.reporters.JUnitReportReporter -->
<testsuite hostname="Nitins-MacBook-Pro.local" failures="0" tests="1" name="com.dsalgo.pages.TextEditor_Python" time="36.285" errors="0" timestamp="2021-11-22T14:39:38 PST" skipped="0">
  <testcase classname="com.dsalgo.pages.TextEditor_Python" name="TextEditorPython_Validation" time="36.285"/>
  <system-out>
    <![CDATA[Run button is clicked
Run Button clicked 
Alert OK button is selected using the Accept method successsfully
Array in phython code is here
Run button is clicked
Run Button clicked 
Inside the Alerts with Accept method
Alert OK button is selected using the Accept method successsfully
Run button is clicked
Run Button clicked 
no Alert OK button clicked as we are passing null value 
Code is written in the editor form
Run button is clicked
Run Button clicked 
Alert OK button is selected using the Accept method successsfully]]>
  </system-out>
</testsuite> <!-- com.dsalgo.pages.TextEditor_Python -->
