<?xml version="1.0" encoding="UTF-8"?>
<!-- Generated by org.testng.reporters.JUnitReportReporter -->
<testsuite hostname="Nitins-MacBook-Pro.local" failures="0" tests="1" name="com.dsalgo.pages.PracticeTextEditor" time="17.776" errors="0" timestamp="2021-11-23T02:23:01 PST" skipped="0">
  <testcase classname="com.dsalgo.pages.PracticeTextEditor" name="searchthearray" time="17.776"/>
  <system-out>
    <![CDATA[Run Button clicked 
Submit Button clicked 
text area link is clicked
Run Button clicked 
Inside the Alerts with Accept method
Alert OK button is selected using the Accept method successsfully
Submit Button clicked ]]>
  </system-out>
</testsuite> <!-- com.dsalgo.pages.PracticeTextEditor -->
