<?xml version="1.0" encoding="UTF-8"?>
<!-- Generated by org.testng.reporters.JUnitReportReporter -->
<testsuite hostname="Nitins-MacBook-Pro.local" failures="0" tests="1" name="com.dsalgo.testcases.TextEditor" time="17.840" errors="0" timestamp="2021-11-19T21:46:26 PST" skipped="0">
  <testcase classname="com.dsalgo.testcases.TextEditor" name="f" time="17.840"/>
  <system-out>
    <![CDATA[Inside the Alerts with Accept method
Alert OK button is selected using the Accept method successsfully
Inside the Alerts with Accept method
no Alert OK button selected
Inside the Alerts with Accept method
Alert OK button is selected using the Accept method successsfully]]>
  </system-out>
</testsuite> <!-- com.dsalgo.testcases.TextEditor -->
